<?xml version="1.0" encoding="UTF-8"?>
<testsuite xmlns:xsi="http://www.w3.org/2001/XMLSchema-instance" xsi:noNamespaceSchemaLocation="https://maven.apache.org/surefire/maven-surefire-plugin/xsd/surefire-test-report-3.0.xsd" version="3.0" name="TestSuite" time="140.747" tests="1" errors="0" skipped="0" failures="0">
  <properties>
    <property name="java.specification.version" value="15"/>
    <property name="sun.jnu.encoding" value="UTF-8"/>
    <property name="java.class.path" value="/Users/Sanket.M/Documents/Sanket/ProjectDemos/AppAutomate/Java/testng-appium-app-browserstack-master/ios/testng-examples/target/test-classes:/Users/Sanket.M/Documents/Sanket/ProjectDemos/AppAutomate/Java/testng-appium-app-browserstack-master/ios/testng-examples/target/classes:/Users/Sanket.M/.m2/repository/org/testng/testng/6.9.10/testng-6.9.10.jar:/Users/Sanket.M/.m2/repository/com/beust/jcommander/1.48/jcommander-1.48.jar:/Users/Sanket.M/.m2/repository/org/beanshell/bsh/2.0b4/bsh-2.0b4.jar:/Users/Sanket.M/.m2/repository/io/appium/java-client/7.0.0/java-client-7.0.0.jar:/Users/Sanket.M/.m2/repository/org/seleniumhq/selenium/selenium-support/3.141.59/selenium-support-3.141.59.jar:/Users/Sanket.M/.m2/repository/org/seleniumhq/selenium/selenium-api/3.141.59/selenium-api-3.141.59.jar:/Users/Sanket.M/.m2/repository/com/google/code/gson/gson/2.8.5/gson-2.8.5.jar:/Users/Sanket.M/.m2/repository/org/apache/httpcomponents/httpclient/4.5.6/httpclient-4.5.6.jar:/Users/Sanket.M/.m2/repository/org/apache/httpcomponents/httpcore/4.4.10/httpcore-4.4.10.jar:/Users/Sanket.M/.m2/repository/commons-logging/commons-logging/1.2/commons-logging-1.2.jar:/Users/Sanket.M/.m2/repository/commons-codec/commons-codec/1.10/commons-codec-1.10.jar:/Users/Sanket.M/.m2/repository/cglib/cglib/3.2.8/cglib-3.2.8.jar:/Users/Sanket.M/.m2/repository/org/ow2/asm/asm/6.2.1/asm-6.2.1.jar:/Users/Sanket.M/.m2/repository/org/apache/ant/ant/1.10.3/ant-1.10.3.jar:/Users/Sanket.M/.m2/repository/org/apache/ant/ant-launcher/1.10.3/ant-launcher-1.10.3.jar:/Users/Sanket.M/.m2/repository/commons-validator/commons-validator/1.6/commons-validator-1.6.jar:/Users/Sanket.M/.m2/repository/commons-beanutils/commons-beanutils/1.9.2/commons-beanutils-1.9.2.jar:/Users/Sanket.M/.m2/repository/commons-digester/commons-digester/1.8.1/commons-digester-1.8.1.jar:/Users/Sanket.M/.m2/repository/commons-collections/commons-collections/3.2.2/commons-collections-3.2.2.jar:/Users/Sanket.M/.m2/repository/org/apache/commons/commons-lang3/3.8/commons-lang3-3.8.jar:/Users/Sanket.M/.m2/repository/org/springframework/spring-context/5.1.0.RELEASE/spring-context-5.1.0.RELEASE.jar:/Users/Sanket.M/.m2/repository/org/springframework/spring-aop/5.1.0.RELEASE/spring-aop-5.1.0.RELEASE.jar:/Users/Sanket.M/.m2/repository/org/springframework/spring-beans/5.1.0.RELEASE/spring-beans-5.1.0.RELEASE.jar:/Users/Sanket.M/.m2/repository/org/springframework/spring-core/5.1.0.RELEASE/spring-core-5.1.0.RELEASE.jar:/Users/Sanket.M/.m2/repository/org/springframework/spring-jcl/5.1.0.RELEASE/spring-jcl-5.1.0.RELEASE.jar:/Users/Sanket.M/.m2/repository/org/springframework/spring-expression/5.1.0.RELEASE/spring-expression-5.1.0.RELEASE.jar:/Users/Sanket.M/.m2/repository/org/aspectj/aspectjweaver/1.9.1/aspectjweaver-1.9.1.jar:/Users/Sanket.M/.m2/repository/org/slf4j/slf4j-api/1.7.25/slf4j-api-1.7.25.jar:/Users/Sanket.M/.m2/repository/commons-io/commons-io/1.3.2/commons-io-1.3.2.jar:/Users/Sanket.M/.m2/repository/org/seleniumhq/selenium/selenium-java/3.141.59/selenium-java-3.141.59.jar:/Users/Sanket.M/.m2/repository/org/seleniumhq/selenium/selenium-chrome-driver/3.141.59/selenium-chrome-driver-3.141.59.jar:/Users/Sanket.M/.m2/repository/org/seleniumhq/selenium/selenium-edge-driver/3.141.59/selenium-edge-driver-3.141.59.jar:/Users/Sanket.M/.m2/repository/org/seleniumhq/selenium/selenium-firefox-driver/3.141.59/selenium-firefox-driver-3.141.59.jar:/Users/Sanket.M/.m2/repository/org/seleniumhq/selenium/selenium-ie-driver/3.141.59/selenium-ie-driver-3.141.59.jar:/Users/Sanket.M/.m2/repository/org/seleniumhq/selenium/selenium-opera-driver/3.141.59/selenium-opera-driver-3.141.59.jar:/Users/Sanket.M/.m2/repository/org/seleniumhq/selenium/selenium-remote-driver/3.141.59/selenium-remote-driver-3.141.59.jar:/Users/Sanket.M/.m2/repository/org/seleniumhq/selenium/selenium-safari-driver/3.141.59/selenium-safari-driver-3.141.59.jar:/Users/Sanket.M/.m2/repository/net/bytebuddy/byte-buddy/1.8.15/byte-buddy-1.8.15.jar:/Users/Sanket.M/.m2/repository/org/apache/commons/commons-exec/1.3/commons-exec-1.3.jar:/Users/Sanket.M/.m2/repository/com/google/guava/guava/25.0-jre/guava-25.0-jre.jar:/Users/Sanket.M/.m2/repository/com/google/code/findbugs/jsr305/1.3.9/jsr305-1.3.9.jar:/Users/Sanket.M/.m2/repository/org/checkerframework/checker-compat-qual/2.0.0/checker-compat-qual-2.0.0.jar:/Users/Sanket.M/.m2/repository/com/google/errorprone/error_prone_annotations/2.1.3/error_prone_annotations-2.1.3.jar:/Users/Sanket.M/.m2/repository/com/google/j2objc/j2objc-annotations/1.1/j2objc-annotations-1.1.jar:/Users/Sanket.M/.m2/repository/org/codehaus/mojo/animal-sniffer-annotations/1.14/animal-sniffer-annotations-1.14.jar:/Users/Sanket.M/.m2/repository/com/squareup/okhttp3/okhttp/3.11.0/okhttp-3.11.0.jar:/Users/Sanket.M/.m2/repository/com/squareup/okio/okio/1.14.0/okio-1.14.0.jar:/Users/Sanket.M/.m2/repository/com/browserstack/browserstack-local-java/1.0.3/browserstack-local-java-1.0.3.jar:/Users/Sanket.M/.m2/repository/org/json/json/20160212/json-20160212.jar:/Users/Sanket.M/.m2/repository/com/googlecode/json-simple/json-simple/1.1.1/json-simple-1.1.1.jar:/Users/Sanket.M/.m2/repository/junit/junit/4.10/junit-4.10.jar:/Users/Sanket.M/.m2/repository/org/hamcrest/hamcrest-core/1.1/hamcrest-core-1.1.jar:"/>
    <property name="java.vm.vendor" value="Oracle Corporation"/>
    <property name="sun.arch.data.model" value="64"/>
    <property name="java.vendor.url" value="https://java.oracle.com/"/>
    <property name="user.timezone" value="Asia/Kolkata"/>
    <property name="os.name" value="Mac OS X"/>
    <property name="java.vm.specification.version" value="15"/>
    <property name="sun.java.launcher" value="SUN_STANDARD"/>
    <property name="user.country" value="GB"/>
    <property name="sun.boot.library.path" value="/Users/Sanket.M/.p2/pool/plugins/org.eclipse.justj.openjdk.hotspot.jre.full.macosx.x86_64_15.0.1.v20201027-0507/jre/lib"/>
    <property name="sun.java.command" value="/Users/Sanket.M/Documents/Sanket/ProjectDemos/AppAutomate/Java/testng-appium-app-browserstack-master/ios/testng-examples/target/surefire/surefirebooter16251858237909922104.jar /Users/Sanket.M/Documents/Sanket/ProjectDemos/AppAutomate/Java/testng-appium-app-browserstack-master/ios/testng-examples/target/surefire 2021-01-28T23-45-15_300-jvmRun1 surefire8335173916110848915tmp surefire_012312857685454951840tmp"/>
    <property name="jdk.debug" value="release"/>
    <property name="surefire.test.class.path" value="/Users/Sanket.M/Documents/Sanket/ProjectDemos/AppAutomate/Java/testng-appium-app-browserstack-master/ios/testng-examples/target/test-classes:/Users/Sanket.M/Documents/Sanket/ProjectDemos/AppAutomate/Java/testng-appium-app-browserstack-master/ios/testng-examples/target/classes:/Users/Sanket.M/.m2/repository/org/testng/testng/6.9.10/testng-6.9.10.jar:/Users/Sanket.M/.m2/repository/com/beust/jcommander/1.48/jcommander-1.48.jar:/Users/Sanket.M/.m2/repository/org/beanshell/bsh/2.0b4/bsh-2.0b4.jar:/Users/Sanket.M/.m2/repository/io/appium/java-client/7.0.0/java-client-7.0.0.jar:/Users/Sanket.M/.m2/repository/org/seleniumhq/selenium/selenium-support/3.141.59/selenium-support-3.141.59.jar:/Users/Sanket.M/.m2/repository/org/seleniumhq/selenium/selenium-api/3.141.59/selenium-api-3.141.59.jar:/Users/Sanket.M/.m2/repository/com/google/code/gson/gson/2.8.5/gson-2.8.5.jar:/Users/Sanket.M/.m2/repository/org/apache/httpcomponents/httpclient/4.5.6/httpclient-4.5.6.jar:/Users/Sanket.M/.m2/repository/org/apache/httpcomponents/httpcore/4.4.10/httpcore-4.4.10.jar:/Users/Sanket.M/.m2/repository/commons-logging/commons-logging/1.2/commons-logging-1.2.jar:/Users/Sanket.M/.m2/repository/commons-codec/commons-codec/1.10/commons-codec-1.10.jar:/Users/Sanket.M/.m2/repository/cglib/cglib/3.2.8/cglib-3.2.8.jar:/Users/Sanket.M/.m2/repository/org/ow2/asm/asm/6.2.1/asm-6.2.1.jar:/Users/Sanket.M/.m2/repository/org/apache/ant/ant/1.10.3/ant-1.10.3.jar:/Users/Sanket.M/.m2/repository/org/apache/ant/ant-launcher/1.10.3/ant-launcher-1.10.3.jar:/Users/Sanket.M/.m2/repository/commons-validator/commons-validator/1.6/commons-validator-1.6.jar:/Users/Sanket.M/.m2/repository/commons-beanutils/commons-beanutils/1.9.2/commons-beanutils-1.9.2.jar:/Users/Sanket.M/.m2/repository/commons-digester/commons-digester/1.8.1/commons-digester-1.8.1.jar:/Users/Sanket.M/.m2/repository/commons-collections/commons-collections/3.2.2/commons-collections-3.2.2.jar:/Users/Sanket.M/.m2/repository/org/apache/commons/commons-lang3/3.8/commons-lang3-3.8.jar:/Users/Sanket.M/.m2/repository/org/springframework/spring-context/5.1.0.RELEASE/spring-context-5.1.0.RELEASE.jar:/Users/Sanket.M/.m2/repository/org/springframework/spring-aop/5.1.0.RELEASE/spring-aop-5.1.0.RELEASE.jar:/Users/Sanket.M/.m2/repository/org/springframework/spring-beans/5.1.0.RELEASE/spring-beans-5.1.0.RELEASE.jar:/Users/Sanket.M/.m2/repository/org/springframework/spring-core/5.1.0.RELEASE/spring-core-5.1.0.RELEASE.jar:/Users/Sanket.M/.m2/repository/org/springframework/spring-jcl/5.1.0.RELEASE/spring-jcl-5.1.0.RELEASE.jar:/Users/Sanket.M/.m2/repository/org/springframework/spring-expression/5.1.0.RELEASE/spring-expression-5.1.0.RELEASE.jar:/Users/Sanket.M/.m2/repository/org/aspectj/aspectjweaver/1.9.1/aspectjweaver-1.9.1.jar:/Users/Sanket.M/.m2/repository/org/slf4j/slf4j-api/1.7.25/slf4j-api-1.7.25.jar:/Users/Sanket.M/.m2/repository/commons-io/commons-io/1.3.2/commons-io-1.3.2.jar:/Users/Sanket.M/.m2/repository/org/seleniumhq/selenium/selenium-java/3.141.59/selenium-java-3.141.59.jar:/Users/Sanket.M/.m2/repository/org/seleniumhq/selenium/selenium-chrome-driver/3.141.59/selenium-chrome-driver-3.141.59.jar:/Users/Sanket.M/.m2/repository/org/seleniumhq/selenium/selenium-edge-driver/3.141.59/selenium-edge-driver-3.141.59.jar:/Users/Sanket.M/.m2/repository/org/seleniumhq/selenium/selenium-firefox-driver/3.141.59/selenium-firefox-driver-3.141.59.jar:/Users/Sanket.M/.m2/repository/org/seleniumhq/selenium/selenium-ie-driver/3.141.59/selenium-ie-driver-3.141.59.jar:/Users/Sanket.M/.m2/repository/org/seleniumhq/selenium/selenium-opera-driver/3.141.59/selenium-opera-driver-3.141.59.jar:/Users/Sanket.M/.m2/repository/org/seleniumhq/selenium/selenium-remote-driver/3.141.59/selenium-remote-driver-3.141.59.jar:/Users/Sanket.M/.m2/repository/org/seleniumhq/selenium/selenium-safari-driver/3.141.59/selenium-safari-driver-3.141.59.jar:/Users/Sanket.M/.m2/repository/net/bytebuddy/byte-buddy/1.8.15/byte-buddy-1.8.15.jar:/Users/Sanket.M/.m2/repository/org/apache/commons/commons-exec/1.3/commons-exec-1.3.jar:/Users/Sanket.M/.m2/repository/com/google/guava/guava/25.0-jre/guava-25.0-jre.jar:/Users/Sanket.M/.m2/repository/com/google/code/findbugs/jsr305/1.3.9/jsr305-1.3.9.jar:/Users/Sanket.M/.m2/repository/org/checkerframework/checker-compat-qual/2.0.0/checker-compat-qual-2.0.0.jar:/Users/Sanket.M/.m2/repository/com/google/errorprone/error_prone_annotations/2.1.3/error_prone_annotations-2.1.3.jar:/Users/Sanket.M/.m2/repository/com/google/j2objc/j2objc-annotations/1.1/j2objc-annotations-1.1.jar:/Users/Sanket.M/.m2/repository/org/codehaus/mojo/animal-sniffer-annotations/1.14/animal-sniffer-annotations-1.14.jar:/Users/Sanket.M/.m2/repository/com/squareup/okhttp3/okhttp/3.11.0/okhttp-3.11.0.jar:/Users/Sanket.M/.m2/repository/com/squareup/okio/okio/1.14.0/okio-1.14.0.jar:/Users/Sanket.M/.m2/repository/com/browserstack/browserstack-local-java/1.0.3/browserstack-local-java-1.0.3.jar:/Users/Sanket.M/.m2/repository/org/json/json/20160212/json-20160212.jar:/Users/Sanket.M/.m2/repository/com/googlecode/json-simple/json-simple/1.1.1/json-simple-1.1.1.jar:/Users/Sanket.M/.m2/repository/junit/junit/4.10/junit-4.10.jar:/Users/Sanket.M/.m2/repository/org/hamcrest/hamcrest-core/1.1/hamcrest-core-1.1.jar:"/>
    <property name="sun.cpu.endian" value="little"/>
    <property name="user.home" value="/Users/Sanket.M"/>
    <property name="user.language" value="en"/>
    <property name="java.specification.vendor" value="Oracle Corporation"/>
    <property name="java.version.date" value="2020-10-20"/>
    <property name="java.home" value="/Users/Sanket.M/.p2/pool/plugins/org.eclipse.justj.openjdk.hotspot.jre.full.macosx.x86_64_15.0.1.v20201027-0507/jre"/>
    <property name="file.separator" value="/"/>
    <property name="basedir" value="/Users/Sanket.M/Documents/Sanket/ProjectDemos/AppAutomate/Java/testng-appium-app-browserstack-master/ios/testng-examples"/>
    <property name="java.vm.compressedOopsMode" value="Zero based"/>
    <property name="line.separator" value="&#10;"/>
    <property name="java.vm.specification.vendor" value="Oracle Corporation"/>
    <property name="java.specification.name" value="Java Platform API Specification"/>
    <property name="surefire.real.class.path" value="/Users/Sanket.M/Documents/Sanket/ProjectDemos/AppAutomate/Java/testng-appium-app-browserstack-master/ios/testng-examples/target/surefire/surefirebooter16251858237909922104.jar"/>
    <property name="sun.management.compiler" value="HotSpot 64-Bit Tiered Compilers"/>
    <property name="java.runtime.version" value="15.0.1+9-18"/>
    <property name="user.name" value="Sanket.M"/>
    <property name="path.separator" value=":"/>
    <property name="os.version" value="10.16"/>
    <property name="java.runtime.name" value="OpenJDK Runtime Environment"/>
    <property name="file.encoding" value="UTF-8"/>
    <property name="java.vm.name" value="OpenJDK 64-Bit Server VM"/>
    <property name="localRepository" value="/Users/Sanket.M/.m2/repository"/>
    <property name="java.vendor.url.bug" value="https://bugreport.java.com/bugreport/"/>
    <property name="java.io.tmpdir" value="/var/folders/68/y70mr5y118q6xsjdvd6j1ll40000gn/T/"/>
    <property name="java.version" value="15.0.1"/>
    <property name="user.dir" value="/Users/Sanket.M/Documents/Sanket/ProjectDemos/AppAutomate/Java/testng-appium-app-browserstack-master/ios/testng-examples"/>
    <property name="os.arch" value="x86_64"/>
    <property name="java.vm.specification.name" value="Java Virtual Machine Specification"/>
    <property name="java.library.path" value="/Users/Sanket.M/Library/Java/Extensions:/Library/Java/Extensions:/Network/Library/Java/Extensions:/System/Library/Java/Extensions:/usr/lib/java:."/>
    <property name="java.vm.info" value="mixed mode"/>
    <property name="java.vendor" value="Oracle Corporation"/>
    <property name="java.vm.version" value="15.0.1+9-18"/>
    <property name="sun.io.unicode.encoding" value="UnicodeBig"/>
    <property name="java.class.version" value="59.0"/>
  </properties>
  <testcase name="test" classname="com.browserstack.run_local_test.LocalTest" time="116.629">
    <system-err><![CDATA[Jan 28, 2021 11:45:35 PM io.appium.java_client.remote.AppiumCommandExecutor$1 lambda$0
INFO: Detected dialect: OSS
]]></system-err>
  </testcase>
</testsuite>