<?xml version="1.0" encoding="UTF-8"?>
<!-- Generated by org.testng.reporters.JUnitReportReporter -->
<testsuite hostname="Sanket-Malis-MacBook-Pro.local" failures="0" tests="1" name="com.browserstack.run_local_test.LocalTest" time="140.496" errors="0" timestamp="28 Jan 2021 18:17:36 GMT">
  <testcase classname="com.browserstack.run_local_test.LocalTest" name="test" time="140.496"/>
</testsuite> <!-- com.browserstack.run_local_test.LocalTest -->
